<?xml version='1.0' encoding='UTF-8'?>
<testsuite hostname="kinder-pingui" name="solver.approximation.Approximation" tests="5" errors="0" failures="0" skipped="0" time="0.195" timestamp="2026-06-05T17:48:28">
          <properties>
[...]
</properties>
          <testcase classname="solver.approximation.Approximation" name="Методы никогда не должны выбрасывать исключения" time="0.141">
                      
                    </testcase><testcase classname="solver.approximation.Approximation" name="MSE всегда неотрицательно" time="0.022">
                      
                    </testcase><testcase classname="solver.approximation.Approximation" name="Коэффициент детерминации R^2 не должен превышать 1" time="0.021">
                      
                    </testcase><testcase classname="solver.approximation.Approximation" name="Log и Grade должны корректно обрабатывать невалидные данные" time="0.005">
                      
                    </testcase><testcase classname="solver.approximation.Approximation" name="Методы должны возвращать ошибку, если данные вырожденные (все X одинаковы)" time="0.006">
                      
                    </testcase>
          <system-out><![CDATA[]]></system-out>
          <system-err><![CDATA[]]></system-err>
        </testsuite>