<?xml version='1.0' encoding='UTF-8'?>
<testsuite hostname="kinder-pingui" name="solver.SolverRegressionSpec" tests="9" errors="0" failures="0" skipped="0" time="0.547" timestamp="2026-06-13T23:29:37">
          <properties>
[...]
</properties>
          <testcase classname="solver.SolverRegressionSpec" name="Методы нелинейных уравнений находят простой корень и метод хорд отсекает интервал без корня" time="0.046">
                      
                    </testcase><testcase classname="solver.SolverRegressionSpec" name="Метод Ньютона для систем возвращает Success для уже сошедшейся и нормально сходящейся системы" time="0.022">
                      
                    </testcase><testcase classname="solver.SolverRegressionSpec" name="Все методы интегрирования достаточно точно считают постоянную функцию" time="0.109">
                      
                    </testcase><testcase classname="solver.SolverRegressionSpec" name="Методы интегрирования сообщают о несобственном интеграле около особенности" time="0.259">
                      
                    </testcase><testcase classname="solver.SolverRegressionSpec" name="Все методы интерполяции воспроизводят линейную функцию на равноотстоящей сетке" time="0.045">
                      
                    </testcase><testcase classname="solver.SolverRegressionSpec" name="Конечно-разностные методы интерполяции отклоняют неравномерную сетку" time="0.004">
                      
                    </testcase><testcase classname="solver.SolverRegressionSpec" name="Все модели аппроксимации возвращают Success на подходящих корректных данных" time="0.015">
                      
                    </testcase><testcase classname="solver.SolverRegressionSpec" name="Все методы ОДУ возвращают конечные успешные результаты при мягкой точности" time="0.042">
                      
                    </testcase><testcase classname="solver.SolverRegressionSpec" name="Списки samples соответствуют зарегистрированным backend-библиотекам" time="0.005">
                      
                    </testcase>
          <system-out><![CDATA[]]></system-out>
          <system-err><![CDATA[]]></system-err>
        </testsuite>