<?xml version='1.0' encoding='UTF-8'?>
<testsuite hostname="kinder-pingui" name="solver.interpolation.InterpolationSpec" tests="5" errors="0" failures="0" skipped="0" time="0.057" timestamp="2026-06-13T23:31:53">
          <properties>
[...]
</properties>
          <testcase classname="solver.interpolation.InterpolationSpec" name="Метод Стирлинга возвращает NotEnoughPoints для одного узла" time="0.018">
                      
                    </testcase><testcase classname="solver.interpolation.InterpolationSpec" name="Метод Стирлинга точно возвращает значение в существующем узле сетки" time="0.017">
                      
                    </testcase><testcase classname="solver.interpolation.InterpolationSpec" name="Метод Стирлинга интерполирует значение между узлами сетки" time="0.004">
                      
                    </testcase><testcase classname="solver.interpolation.InterpolationSpec" name="Логика определения экстраполяции отличает внутренние и внешние точки" time="0.002">
                      
                    </testcase><testcase classname="solver.interpolation.InterpolationSpec" name="Логика определения неопределённых точек находит ln(x) на [-1, 1]" time="0.016">
                      
                    </testcase>
          <system-out><![CDATA[]]></system-out>
          <system-err><![CDATA[]]></system-err>
        </testsuite>